[11:59:48] [main/INFO]: LiteLoader 1.11.2 starting up...
[11:59:48] [main/INFO]: Active Pack: 1.11.2-SNAPSHOT-r09AB166-b13-13
[11:59:48] [main/INFO]: Java reports OS="windows 8.1"
[11:59:48] [main/INFO]: Adding supported mod class prefix 'LiteMod'
[11:59:48] [main/INFO]: Enumerating class path...
[11:59:48] [main/INFO]: Class path separator=";"
[11:59:48] [main/INFO]: Class path entries=(
   classpathEntry=C:\Program Files\Java\jdk1.8.0_31\jre\lib\resources.jar
   classpathEntry=C:\Program Files\Java\jdk1.8.0_31\jre\lib\rt.jar
   classpathEntry=C:\Program Files\Java\jdk1.8.0_31\jre\lib\jsse.jar
   classpathEntry=C:\Program Files\Java\jdk1.8.0_31\jre\lib\jce.jar
   classpathEntry=C:\Program Files\Java\jdk1.8.0_31\jre\lib\charsets.jar
   classpathEntry=C:\Program Files\Java\jdk1.8.0_31\jre\lib\jfr.jar
   classpathEntry=C:\Program Files\Java\jdk1.8.0_31\jre\lib\ext\access-bridge-64.jar
   classpathEntry=C:\Program Files\Java\jdk1.8.0_31\jre\lib\ext\cldrdata.jar
   classpathEntry=C:\Program Files\Java\jdk1.8.0_31\jre\lib\ext\dnsns.jar
   classpathEntry=C:\Program Files\Java\jdk1.8.0_31\jre\lib\ext\jaccess.jar
   classpathEntry=C:\Program Files\Java\jdk1.8.0_31\jre\lib\ext\jfxrt.jar
   classpathEntry=C:\Program Files\Java\jdk1.8.0_31\jre\lib\ext\localedata.jar
   classpathEntry=C:\Program Files\Java\jdk1.8.0_31\jre\lib\ext\nashorn.jar
   classpathEntry=C:\Program Files\Java\jdk1.8.0_31\jre\lib\ext\sunec.jar
   classpathEntry=C:\Program Files\Java\jdk1.8.0_31\jre\lib\ext\sunjce_provider.jar
   classpathEntry=C:\Program Files\Java\jdk1.8.0_31\jre\lib\ext\sunmscapi.jar
   classpathEntry=C:\Program Files\Java\jdk1.8.0_31\jre\lib\ext\sunpkcs11.jar
   classpathEntry=C:\Program Files\Java\jdk1.8.0_31\jre\lib\ext\zipfs.jar
   classpathEntry=I:\Workspace\RandomXYZ\bin
   classpathEntry=C:\Users\Administrator\.gradle\caches\minecraft\deobfedDeps\deobf\com\mumfrey\liteloader\1.11.2-SNAPSHOT\liteloader-1.11.2-SNAPSHOT.jar
   classpathEntry=C:\Users\Administrator\.gradle\caches\minecraft\net\minecraft\minecraft\1.11.2\snapshot\20161224\minecraftSrc-1.11.2.jar
   classpathEntry=C:\Users\Administrator\.gradle\caches\modules-2\files-2.1\com.google.code.findbugs\jsr305\3.0.1\f7be08ec23c21485b9b5a1cf1654c2ec8c58168d\jsr305-3.0.1.jar
   classpathEntry=C:\Users\Administrator\.gradle\caches\modules-2\files-2.1\com.mojang\netty\1.6\4b75825a06139752bd800d9e29c5fd55b8b1b1e4\netty-1.6.jar
   classpathEntry=C:\Users\Administrator\.gradle\caches\modules-2\files-2.1\oshi-project\oshi-core\1.1\9ddf7b048a8d701be231c0f4f95fd986198fd2d8\oshi-core-1.1.jar
   classpathEntry=C:\Users\Administrator\.gradle\caches\modules-2\files-2.1\net.java.dev.jna\jna\3.4.0\803ff252fedbd395baffd43b37341dc4a150a554\jna-3.4.0.jar
   classpathEntry=C:\Users\Administrator\.gradle\caches\modules-2\files-2.1\net.java.dev.jna\platform\3.4.0\e3f70017be8100d3d6923f50b3d2ee17714e9c13\platform-3.4.0.jar
   classpathEntry=C:\Users\Administrator\.gradle\caches\modules-2\files-2.1\com.ibm.icu\icu4j-core-mojang\51.2\63d216a9311cca6be337c1e458e587f99d382b84\icu4j-core-mojang-51.2.jar
   classpathEntry=C:\Users\Administrator\.gradle\caches\modules-2\files-2.1\net.sf.jopt-simple\jopt-simple\4.6\306816fb57cf94f108a43c95731b08934dcae15c\jopt-simple-4.6.jar
   classpathEntry=C:\Users\Administrator\.gradle\caches\modules-2\files-2.1\io.netty\netty-all\4.0.23.Final\294104aaf1781d6a56a07d561e792c5d0c95f45\netty-all-4.0.23.Final.jar
   classpathEntry=C:\Users\Administrator\.gradle\caches\modules-2\files-2.1\com.google.guava\guava\17.0\9c6ef172e8de35fd8d4d8783e4821e57cdef7445\guava-17.0.jar
   classpathEntry=C:\Users\Administrator\.gradle\caches\modules-2\files-2.1\org.apache.commons\commons-lang3\3.3.2\90a3822c38ec8c996e84c16a3477ef632cbc87a3\commons-lang3-3.3.2.jar
   classpathEntry=C:\Users\Administrator\.gradle\caches\modules-2\files-2.1\commons-io\commons-io\2.4\b1b6ea3b7e4aa4f492509a4952029cd8e48019ad\commons-io-2.4.jar
   classpathEntry=C:\Users\Administrator\.gradle\caches\modules-2\files-2.1\commons-codec\commons-codec\1.9\9ce04e34240f674bc72680f8b843b1457383161a\commons-codec-1.9.jar
   classpathEntry=C:\Users\Administrator\.gradle\caches\modules-2\files-2.1\net.java.jutils\jutils\1.0.0\e12fe1fda814bd348c1579329c86943d2cd3c6a6\jutils-1.0.0.jar
   classpathEntry=C:\Users\Administrator\.gradle\caches\modules-2\files-2.1\com.google.code.gson\gson\2.2.4\a60a5e993c98c864010053cb901b7eab25306568\gson-2.2.4.jar
   classpathEntry=C:\Users\Administrator\.gradle\caches\modules-2\files-2.1\com.mojang\authlib\1.5.24\889ff5477b844800cff734babbf42c1bbda4b10\authlib-1.5.24.jar
   classpathEntry=C:\Users\Administrator\.gradle\caches\modules-2\files-2.1\com.mojang\realms\1.10.16\b4948eb06ff238e45044f47aa69c2c977ce69dcb\realms-1.10.16.jar
   classpathEntry=C:\Users\Administrator\.gradle\caches\modules-2\files-2.1\org.apache.commons\commons-compress\1.8.1\a698750c16740fd5b3871425f4cb3bbaa87f529d\commons-compress-1.8.1.jar
   classpathEntry=C:\Users\Administrator\.gradle\caches\modules-2\files-2.1\org.apache.httpcomponents\httpclient\4.3.3\18f4247ff4572a074444572cee34647c43e7c9c7\httpclient-4.3.3.jar
   classpathEntry=C:\Users\Administrator\.gradle\caches\modules-2\files-2.1\commons-logging\commons-logging\1.1.3\f6f66e966c70a83ffbdb6f17a0919eaf7c8aca7f\commons-logging-1.1.3.jar
   classpathEntry=C:\Users\Administrator\.gradle\caches\modules-2\files-2.1\org.apache.httpcomponents\httpcore\4.3.2\31fbbff1ddbf98f3aa7377c94d33b0447c646b6e\httpcore-4.3.2.jar
   classpathEntry=C:\Users\Administrator\.gradle\caches\modules-2\files-2.1\it.unimi.dsi\fastutil\7.0.12_mojang\ba787e741efdc425fc5d2ea654b57c15fba27efa\fastutil-7.0.12_mojang.jar
   classpathEntry=C:\Users\Administrator\.gradle\caches\modules-2\files-2.1\org.apache.logging.log4j\log4j-api\2.0-beta9\1dd66e68cccd907880229f9e2de1314bd13ff785\log4j-api-2.0-beta9.jar
   classpathEntry=C:\Users\Administrator\.gradle\caches\modules-2\files-2.1\org.apache.logging.log4j\log4j-core\2.0-beta9\678861ba1b2e1fccb594bb0ca03114bb05da9695\log4j-core-2.0-beta9.jar
   classpathEntry=C:\Users\Administrator\.gradle\caches\modules-2\files-2.1\net.minecraft\launchwrapper\1.12\111e7bea9c968cdb3d06ef4632bf7ff0824d0f36\launchwrapper-1.12.jar
   classpathEntry=C:\Users\Administrator\.gradle\caches\modules-2\files-2.1\org.spongepowered\mixin\0.7.3-SNAPSHOT\484e9031a994cdcc68cf79653c9d5dc288faa350\mixin-0.7.3-SNAPSHOT.jar
   classpathEntry=C:\Users\Administrator\.gradle\caches\modules-2\files-2.1\com.paulscode\codecjorbis\20101023\c73b5636faf089d9f00e8732a829577de25237ee\codecjorbis-20101023.jar
   classpathEntry=C:\Users\Administrator\.gradle\caches\modules-2\files-2.1\com.paulscode\codecwav\20101023\12f031cfe88fef5c1dd36c563c0a3a69bd7261da\codecwav-20101023.jar
   classpathEntry=C:\Users\Administrator\.gradle\caches\modules-2\files-2.1\com.paulscode\libraryjavasound\20101123\5c5e304366f75f9eaa2e8cca546a1fb6109348b3\libraryjavasound-20101123.jar
   classpathEntry=C:\Users\Administrator\.gradle\caches\modules-2\files-2.1\com.paulscode\librarylwjglopenal\20100824\73e80d0794c39665aec3f62eee88ca91676674ef\librarylwjglopenal-20100824.jar
   classpathEntry=C:\Users\Administrator\.gradle\caches\modules-2\files-2.1\com.paulscode\soundsystem\20120107\419c05fe9be71f792b2d76cfc9b67f1ed0fec7f6\soundsystem-20120107.jar
   classpathEntry=C:\Users\Administrator\.gradle\caches\modules-2\files-2.1\net.java.jinput\jinput\2.0.5\39c7796b469a600f72380316f6b1f11db6c2c7c4\jinput-2.0.5.jar
   classpathEntry=C:\Users\Administrator\.gradle\caches\modules-2\files-2.1\org.lwjgl.lwjgl\lwjgl\2.9.4-nightly-20150209\697517568c68e78ae0b4544145af031c81082dfe\lwjgl-2.9.4-nightly-20150209.jar
   classpathEntry=C:\Users\Administrator\.gradle\caches\modules-2\files-2.1\org.lwjgl.lwjgl\lwjgl_util\2.9.4-nightly-20150209\d51a7c040a721d13efdfbd34f8b257b2df882ad0\lwjgl_util-2.9.4-nightly-20150209.jar
   classpathEntry=C:\Users\Administrator\.gradle\caches\modules-2\files-2.1\org.ow2.asm\asm-debug-all\5.0.3\f9e364ae2a66ce2a543012a4668856e84e5dab74\asm-debug-all-5.0.3.jar
   classpathEntry=C:\Users\Administrator\.gradle\caches\modules-2\files-2.1\net.java.jinput\jinput-platform\2.0.5\7ff832a6eb9ab6a767f1ade2b548092d0fa64795\jinput-platform-2.0.5-natives-linux.jar
   classpathEntry=C:\Users\Administrator\.gradle\caches\modules-2\files-2.1\net.java.jinput\jinput-platform\2.0.5\385ee093e01f587f30ee1c8a2ee7d408fd732e16\jinput-platform-2.0.5-natives-windows.jar
   classpathEntry=C:\Users\Administrator\.gradle\caches\modules-2\files-2.1\net.java.jinput\jinput-platform\2.0.5\53f9c919f34d2ca9de8c51fc4e1e8282029a9232\jinput-platform-2.0.5-natives-osx.jar
   classpathEntry=C:\Users\Administrator\.gradle\caches\modules-2\files-2.1\org.lwjgl.lwjgl\lwjgl-platform\2.9.4-nightly-20150209\b84d5102b9dbfabfeb5e43c7e2828d98a7fc80e0\lwjgl-platform-2.9.4-nightly-20150209-natives-windows.jar
   classpathEntry=C:\Users\Administrator\.gradle\caches\modules-2\files-2.1\org.lwjgl.lwjgl\lwjgl-platform\2.9.4-nightly-20150209\931074f46c795d2f7b30ed6395df5715cfd7675b\lwjgl-platform-2.9.4-nightly-20150209-natives-linux.jar
   classpathEntry=C:\Users\Administrator\.gradle\caches\modules-2\files-2.1\org.lwjgl.lwjgl\lwjgl-platform\2.9.4-nightly-20150209\bcab850f8f487c3f4c4dbabde778bb82bd1a40ed\lwjgl-platform-2.9.4-nightly-20150209-natives-osx.jar
   classpathEntry=C:\Users\Administrator\.gradle\caches\minecraft\deobfedDeps\compileDummy.jar
   classpathEntry=C:\Users\Administrator\.gradle\caches\minecraft\deobfedDeps\providedDummy.jar
   classpathEntry=C:\Users\Administrator\.gradle\caches\minecraft\net\minecraft\minecraft\1.11.2\start
)
[11:59:48] [main/INFO]: Registering discovery module EnumeratorModuleClassPath: [<Java Class Path>]
[11:59:48] [main/INFO]: Registering discovery module EnumeratorModuleFolder: [I:\Workspace\RandomXYZ\mods]
[11:59:48] [main/INFO]: Registering discovery module EnumeratorModuleFolder: [I:\Workspace\RandomXYZ\mods\1.11.2]
[11:59:48] [main/INFO]: Registering enumerator plugin DefaultEnumeratorPlugin: [com.mumfrey.liteloader.core.api.DefaultEnumeratorPlugin@7b98f307]
[11:59:48] [main/INFO]: Discovering valid mod files in folder I:\Workspace\RandomXYZ\mods
[11:59:48] [main/INFO]: Discovering valid mod files in folder I:\Workspace\RandomXYZ\mods\1.11.2
[11:59:48] [main/INFO]: Discovering tweaks on class path...
[11:59:48] [main/INFO]: Baking listener list for EnumerationObserver with 1 listeners
[11:59:48] [main/WARN]: Error reading litemod.json in I:\Workspace\RandomXYZ\bin, JSON syntax exception: com.google.gson.stream.MalformedJsonException: Unterminated object at line 7 column 6
[11:59:48] [main/INFO]: Registering discovered mod files in folder I:\Workspace\RandomXYZ\mods
[11:59:48] [main/INFO]: Registering discovered mod files in folder I:\Workspace\RandomXYZ\mods\1.11.2
[11:59:48] [main/INFO]: Initialising LiteLoader Mixins
[11:59:48] [main/INFO]: LiteLoader PREINIT complete
