[11:59:47] [main/INFO]: Initialising Yggdrasil authentication service with client token: 4aa3b872-1d65-4a60-bab5-e1644827217b
[11:59:48] [main/INFO]: LoginManager is set to work offline, skipping login
[11:59:48] [main/INFO]: Launching game as Administrator
[11:59:48] [main/INFO]: Loading tweak class name com.mumfrey.liteloader.launch.LiteLoaderTweaker
[11:59:48] [main/INFO]: Using primary tweak class name com.mumfrey.liteloader.launch.LiteLoaderTweaker
[11:59:48] [main/INFO]: Calling tweak class com.mumfrey.liteloader.launch.LiteLoaderTweaker
[11:59:48] [main/INFO]: Bootstrapping LiteLoader 1.11.2
[11:59:48] [main/INFO]: Registering API provider class com.mumfrey.liteloader.client.api.LiteLoaderCoreAPIClient
[11:59:48] [main/INFO]: Spawning API provider class 'com.mumfrey.liteloader.client.api.LiteLoaderCoreAPIClient' ...
[11:59:48] [main/INFO]: API provider class 'com.mumfrey.liteloader.client.api.LiteLoaderCoreAPIClient' provides API 'liteloader'
[11:59:48] [main/INFO]: Initialising API 'liteloader' ...
[11:59:48] [main/INFO]: SpongePowered MIXIN Subsystem Version=0.7.3 Source=file:/C:/Users/Administrator/.gradle/caches/modules-2/files-2.1/org.spongepowered/mixin/0.7.3-SNAPSHOT/484e9031a994cdcc68cf79653c9d5dc288faa350/mixin-0.7.3-SNAPSHOT.jar Service=LaunchWrapper Env=CLIENT
[11:59:48] [main/INFO]: FML platform manager could not load class cpw.mods.fml.relauncher.CoreModManager. Proceeding without FML support.
[11:59:48] [main/INFO]: LiteLoader begin PREINIT...
[11:59:48] [main/INFO]: Initialising Loader properties...
[11:59:48] [main/INFO]: Setting up logger...
[11:59:48] [main/INFO]: LiteLoader 1.11.2 starting up...
[11:59:48] [main/INFO]: Active Pack: 1.11.2-SNAPSHOT-r09AB166-b13-13
[11:59:48] [main/INFO]: Java reports OS="windows 8.1"
[11:59:48] [main/INFO]: Adding supported mod class prefix 'LiteMod'
[11:59:48] [main/INFO]: Enumerating class path...
[11:59:48] [main/INFO]: Class path separator=";"
[11:59:48] [main/INFO]: Class path entries=(
   classpathEntry=C:\Program Files\Java\jdk1.8.0_31\jre\lib\resources.jar
   classpathEntry=C:\Program Files\Java\jdk1.8.0_31\jre\lib\rt.jar
   classpathEntry=C:\Program Files\Java\jdk1.8.0_31\jre\lib\jsse.jar
   classpathEntry=C:\Program Files\Java\jdk1.8.0_31\jre\lib\jce.jar
   classpathEntry=C:\Program Files\Java\jdk1.8.0_31\jre\lib\charsets.jar
   classpathEntry=C:\Program Files\Java\jdk1.8.0_31\jre\lib\jfr.jar
   classpathEntry=C:\Program Files\Java\jdk1.8.0_31\jre\lib\ext\access-bridge-64.jar
   classpathEntry=C:\Program Files\Java\jdk1.8.0_31\jre\lib\ext\cldrdata.jar
   classpathEntry=C:\Program Files\Java\jdk1.8.0_31\jre\lib\ext\dnsns.jar
   classpathEntry=C:\Program Files\Java\jdk1.8.0_31\jre\lib\ext\jaccess.jar
   classpathEntry=C:\Program Files\Java\jdk1.8.0_31\jre\lib\ext\jfxrt.jar
   classpathEntry=C:\Program Files\Java\jdk1.8.0_31\jre\lib\ext\localedata.jar
   classpathEntry=C:\Program Files\Java\jdk1.8.0_31\jre\lib\ext\nashorn.jar
   classpathEntry=C:\Program Files\Java\jdk1.8.0_31\jre\lib\ext\sunec.jar
   classpathEntry=C:\Program Files\Java\jdk1.8.0_31\jre\lib\ext\sunjce_provider.jar
   classpathEntry=C:\Program Files\Java\jdk1.8.0_31\jre\lib\ext\sunmscapi.jar
   classpathEntry=C:\Program Files\Java\jdk1.8.0_31\jre\lib\ext\sunpkcs11.jar
   classpathEntry=C:\Program Files\Java\jdk1.8.0_31\jre\lib\ext\zipfs.jar
   classpathEntry=I:\Workspace\RandomXYZ\bin
   classpathEntry=C:\Users\Administrator\.gradle\caches\minecraft\deobfedDeps\deobf\com\mumfrey\liteloader\1.11.2-SNAPSHOT\liteloader-1.11.2-SNAPSHOT.jar
   classpathEntry=C:\Users\Administrator\.gradle\caches\minecraft\net\minecraft\minecraft\1.11.2\snapshot\20161224\minecraftSrc-1.11.2.jar
   classpathEntry=C:\Users\Administrator\.gradle\caches\modules-2\files-2.1\com.google.code.findbugs\jsr305\3.0.1\f7be08ec23c21485b9b5a1cf1654c2ec8c58168d\jsr305-3.0.1.jar
   classpathEntry=C:\Users\Administrator\.gradle\caches\modules-2\files-2.1\com.mojang\netty\1.6\4b75825a06139752bd800d9e29c5fd55b8b1b1e4\netty-1.6.jar
   classpathEntry=C:\Users\Administrator\.gradle\caches\modules-2\files-2.1\oshi-project\oshi-core\1.1\9ddf7b048a8d701be231c0f4f95fd986198fd2d8\oshi-core-1.1.jar
   classpathEntry=C:\Users\Administrator\.gradle\caches\modules-2\files-2.1\net.java.dev.jna\jna\3.4.0\803ff252fedbd395baffd43b37341dc4a150a554\jna-3.4.0.jar
   classpathEntry=C:\Users\Administrator\.gradle\caches\modules-2\files-2.1\net.java.dev.jna\platform\3.4.0\e3f70017be8100d3d6923f50b3d2ee17714e9c13\platform-3.4.0.jar
   classpathEntry=C:\Users\Administrator\.gradle\caches\modules-2\files-2.1\com.ibm.icu\icu4j-core-mojang\51.2\63d216a9311cca6be337c1e458e587f99d382b84\icu4j-core-mojang-51.2.jar
   classpathEntry=C:\Users\Administrator\.gradle\caches\modules-2\files-2.1\net.sf.jopt-simple\jopt-simple\4.6\306816fb57cf94f108a43c95731b08934dcae15c\jopt-simple-4.6.jar
   classpathEntry=C:\Users\Administrator\.gradle\caches\modules-2\files-2.1\io.netty\netty-all\4.0.23.Final\294104aaf1781d6a56a07d561e792c5d0c95f45\netty-all-4.0.23.Final.jar
   classpathEntry=C:\Users\Administrator\.gradle\caches\modules-2\files-2.1\com.google.guava\guava\17.0\9c6ef172e8de35fd8d4d8783e4821e57cdef7445\guava-17.0.jar
   classpathEntry=C:\Users\Administrator\.gradle\caches\modules-2\files-2.1\org.apache.commons\commons-lang3\3.3.2\90a3822c38ec8c996e84c16a3477ef632cbc87a3\commons-lang3-3.3.2.jar
   classpathEntry=C:\Users\Administrator\.gradle\caches\modules-2\files-2.1\commons-io\commons-io\2.4\b1b6ea3b7e4aa4f492509a4952029cd8e48019ad\commons-io-2.4.jar
   classpathEntry=C:\Users\Administrator\.gradle\caches\modules-2\files-2.1\commons-codec\commons-codec\1.9\9ce04e34240f674bc72680f8b843b1457383161a\commons-codec-1.9.jar
   classpathEntry=C:\Users\Administrator\.gradle\caches\modules-2\files-2.1\net.java.jutils\jutils\1.0.0\e12fe1fda814bd348c1579329c86943d2cd3c6a6\jutils-1.0.0.jar
   classpathEntry=C:\Users\Administrator\.gradle\caches\modules-2\files-2.1\com.google.code.gson\gson\2.2.4\a60a5e993c98c864010053cb901b7eab25306568\gson-2.2.4.jar
   classpathEntry=C:\Users\Administrator\.gradle\caches\modules-2\files-2.1\com.mojang\authlib\1.5.24\889ff5477b844800cff734babbf42c1bbda4b10\authlib-1.5.24.jar
   classpathEntry=C:\Users\Administrator\.gradle\caches\modules-2\files-2.1\com.mojang\realms\1.10.16\b4948eb06ff238e45044f47aa69c2c977ce69dcb\realms-1.10.16.jar
   classpathEntry=C:\Users\Administrator\.gradle\caches\modules-2\files-2.1\org.apache.commons\commons-compress\1.8.1\a698750c16740fd5b3871425f4cb3bbaa87f529d\commons-compress-1.8.1.jar
   classpathEntry=C:\Users\Administrator\.gradle\caches\modules-2\files-2.1\org.apache.httpcomponents\httpclient\4.3.3\18f4247ff4572a074444572cee34647c43e7c9c7\httpclient-4.3.3.jar
   classpathEntry=C:\Users\Administrator\.gradle\caches\modules-2\files-2.1\commons-logging\commons-logging\1.1.3\f6f66e966c70a83ffbdb6f17a0919eaf7c8aca7f\commons-logging-1.1.3.jar
   classpathEntry=C:\Users\Administrator\.gradle\caches\modules-2\files-2.1\org.apache.httpcomponents\httpcore\4.3.2\31fbbff1ddbf98f3aa7377c94d33b0447c646b6e\httpcore-4.3.2.jar
   classpathEntry=C:\Users\Administrator\.gradle\caches\modules-2\files-2.1\it.unimi.dsi\fastutil\7.0.12_mojang\ba787e741efdc425fc5d2ea654b57c15fba27efa\fastutil-7.0.12_mojang.jar
   classpathEntry=C:\Users\Administrator\.gradle\caches\modules-2\files-2.1\org.apache.logging.log4j\log4j-api\2.0-beta9\1dd66e68cccd907880229f9e2de1314bd13ff785\log4j-api-2.0-beta9.jar
   classpathEntry=C:\Users\Administrator\.gradle\caches\modules-2\files-2.1\org.apache.logging.log4j\log4j-core\2.0-beta9\678861ba1b2e1fccb594bb0ca03114bb05da9695\log4j-core-2.0-beta9.jar
   classpathEntry=C:\Users\Administrator\.gradle\caches\modules-2\files-2.1\net.minecraft\launchwrapper\1.12\111e7bea9c968cdb3d06ef4632bf7ff0824d0f36\launchwrapper-1.12.jar
   classpathEntry=C:\Users\Administrator\.gradle\caches\modules-2\files-2.1\org.spongepowered\mixin\0.7.3-SNAPSHOT\484e9031a994cdcc68cf79653c9d5dc288faa350\mixin-0.7.3-SNAPSHOT.jar
   classpathEntry=C:\Users\Administrator\.gradle\caches\modules-2\files-2.1\com.paulscode\codecjorbis\20101023\c73b5636faf089d9f00e8732a829577de25237ee\codecjorbis-20101023.jar
   classpathEntry=C:\Users\Administrator\.gradle\caches\modules-2\files-2.1\com.paulscode\codecwav\20101023\12f031cfe88fef5c1dd36c563c0a3a69bd7261da\codecwav-20101023.jar
   classpathEntry=C:\Users\Administrator\.gradle\caches\modules-2\files-2.1\com.paulscode\libraryjavasound\20101123\5c5e304366f75f9eaa2e8cca546a1fb6109348b3\libraryjavasound-20101123.jar
   classpathEntry=C:\Users\Administrator\.gradle\caches\modules-2\files-2.1\com.paulscode\librarylwjglopenal\20100824\73e80d0794c39665aec3f62eee88ca91676674ef\librarylwjglopenal-20100824.jar
   classpathEntry=C:\Users\Administrator\.gradle\caches\modules-2\files-2.1\com.paulscode\soundsystem\20120107\419c05fe9be71f792b2d76cfc9b67f1ed0fec7f6\soundsystem-20120107.jar
   classpathEntry=C:\Users\Administrator\.gradle\caches\modules-2\files-2.1\net.java.jinput\jinput\2.0.5\39c7796b469a600f72380316f6b1f11db6c2c7c4\jinput-2.0.5.jar
   classpathEntry=C:\Users\Administrator\.gradle\caches\modules-2\files-2.1\org.lwjgl.lwjgl\lwjgl\2.9.4-nightly-20150209\697517568c68e78ae0b4544145af031c81082dfe\lwjgl-2.9.4-nightly-20150209.jar
   classpathEntry=C:\Users\Administrator\.gradle\caches\modules-2\files-2.1\org.lwjgl.lwjgl\lwjgl_util\2.9.4-nightly-20150209\d51a7c040a721d13efdfbd34f8b257b2df882ad0\lwjgl_util-2.9.4-nightly-20150209.jar
   classpathEntry=C:\Users\Administrator\.gradle\caches\modules-2\files-2.1\org.ow2.asm\asm-debug-all\5.0.3\f9e364ae2a66ce2a543012a4668856e84e5dab74\asm-debug-all-5.0.3.jar
   classpathEntry=C:\Users\Administrator\.gradle\caches\modules-2\files-2.1\net.java.jinput\jinput-platform\2.0.5\7ff832a6eb9ab6a767f1ade2b548092d0fa64795\jinput-platform-2.0.5-natives-linux.jar
   classpathEntry=C:\Users\Administrator\.gradle\caches\modules-2\files-2.1\net.java.jinput\jinput-platform\2.0.5\385ee093e01f587f30ee1c8a2ee7d408fd732e16\jinput-platform-2.0.5-natives-windows.jar
   classpathEntry=C:\Users\Administrator\.gradle\caches\modules-2\files-2.1\net.java.jinput\jinput-platform\2.0.5\53f9c919f34d2ca9de8c51fc4e1e8282029a9232\jinput-platform-2.0.5-natives-osx.jar
   classpathEntry=C:\Users\Administrator\.gradle\caches\modules-2\files-2.1\org.lwjgl.lwjgl\lwjgl-platform\2.9.4-nightly-20150209\b84d5102b9dbfabfeb5e43c7e2828d98a7fc80e0\lwjgl-platform-2.9.4-nightly-20150209-natives-windows.jar
   classpathEntry=C:\Users\Administrator\.gradle\caches\modules-2\files-2.1\org.lwjgl.lwjgl\lwjgl-platform\2.9.4-nightly-20150209\931074f46c795d2f7b30ed6395df5715cfd7675b\lwjgl-platform-2.9.4-nightly-20150209-natives-linux.jar
   classpathEntry=C:\Users\Administrator\.gradle\caches\modules-2\files-2.1\org.lwjgl.lwjgl\lwjgl-platform\2.9.4-nightly-20150209\bcab850f8f487c3f4c4dbabde778bb82bd1a40ed\lwjgl-platform-2.9.4-nightly-20150209-natives-osx.jar
   classpathEntry=C:\Users\Administrator\.gradle\caches\minecraft\deobfedDeps\compileDummy.jar
   classpathEntry=C:\Users\Administrator\.gradle\caches\minecraft\deobfedDeps\providedDummy.jar
   classpathEntry=C:\Users\Administrator\.gradle\caches\minecraft\net\minecraft\minecraft\1.11.2\start
)
[11:59:48] [main/INFO]: Registering discovery module EnumeratorModuleClassPath: [<Java Class Path>]
[11:59:48] [main/INFO]: Registering discovery module EnumeratorModuleFolder: [I:\Workspace\RandomXYZ\mods]
[11:59:48] [main/INFO]: Registering discovery module EnumeratorModuleFolder: [I:\Workspace\RandomXYZ\mods\1.11.2]
[11:59:48] [main/INFO]: Registering enumerator plugin DefaultEnumeratorPlugin: [com.mumfrey.liteloader.core.api.DefaultEnumeratorPlugin@7b98f307]
[11:59:48] [main/INFO]: Discovering valid mod files in folder I:\Workspace\RandomXYZ\mods
[11:59:48] [main/INFO]: Discovering valid mod files in folder I:\Workspace\RandomXYZ\mods\1.11.2
[11:59:48] [main/INFO]: Discovering tweaks on class path...
[11:59:48] [main/INFO]: Baking listener list for EnumerationObserver with 1 listeners
[11:59:48] [main/WARN]: Error reading litemod.json in I:\Workspace\RandomXYZ\bin, JSON syntax exception: com.google.gson.stream.MalformedJsonException: Unterminated object at line 7 column 6
[11:59:48] [main/INFO]: Registering discovered mod files in folder I:\Workspace\RandomXYZ\mods
[11:59:48] [main/INFO]: Registering discovered mod files in folder I:\Workspace\RandomXYZ\mods\1.11.2
[11:59:48] [main/INFO]: Initialising LiteLoader Mixins
[11:59:48] [main/INFO]: Compatibility level set to JAVA_8
[11:59:48] [main/INFO]: LiteLoader PREINIT complete
[11:59:48] [main/INFO]: Injecting required class transformer 'com.mumfrey.liteloader.transformers.event.EventProxyTransformer'
[11:59:48] [main/INFO]: Injecting required class transformer 'com.mumfrey.liteloader.launch.LiteLoaderTransformer'
[11:59:48] [main/INFO]: Injecting required class transformer 'com.mumfrey.liteloader.client.transformers.CrashReportTransformer'
[11:59:48] [main/INFO]: Queuing required class transformer 'com.mumfrey.liteloader.transformers.event.EventTransformer'
[11:59:48] [main/INFO]: Queuing required class transformer 'com.mumfrey.liteloader.common.transformers.LiteLoaderPacketTransformer'
[11:59:48] [main/INFO]: Queuing required class transformer 'com.mumfrey.liteloader.transformers.event.json.ModEventInjectionTransformer'
[11:59:48] [main/INFO]: Loading tweak class name org.spongepowered.asm.launch.MixinTweaker
[11:59:48] [main/INFO]: Loading tweak class name org.spongepowered.asm.mixin.EnvironmentStateTweaker
[11:59:48] [main/INFO]: Calling tweak class org.spongepowered.asm.launch.MixinTweaker
[11:59:48] [main/INFO]: Calling tweak class org.spongepowered.asm.mixin.EnvironmentStateTweaker
[11:59:48] [main/WARN]: Tweak class name org.spongepowered.asm.mixin.EnvironmentStateTweaker has already been visited -- skipping
[11:59:48] [main/INFO]: Injecting downstream transformers
[11:59:48] [main/INFO]: Injecting additional class transformer class 'com.mumfrey.liteloader.transformers.event.EventTransformer'
[11:59:48] [main/INFO]: Injecting additional class transformer class 'com.mumfrey.liteloader.common.transformers.LiteLoaderPacketTransformer'
[11:59:48] [main/INFO]: Injecting additional class transformer class 'com.mumfrey.liteloader.transformers.event.json.ModEventInjectionTransformer'
[11:59:48] [main/INFO]: Launching wrapped minecraft {net.minecraft.client.main.Main}
[11:59:48] [main/FATAL]: Mixin apply failed mixins.liteloader.client.json:MixinMinecraft -> net.minecraft.client.Minecraft: org.spongepowered.asm.mixin.injection.throwables.InvalidInjectionException @Inject annotation on handler$init$zze000 specifies a target class 'bes', which is not supported
org.spongepowered.asm.mixin.injection.throwables.InvalidInjectionException: @Inject annotation on handler$init$zze000 specifies a target class 'bes', which is not supported
	at org.spongepowered.asm.mixin.injection.struct.InjectionInfo.parseTargets(InjectionInfo.java:185) ~[mixin-0.7.3-SNAPSHOT.jar:0.7.3-SNAPSHOT+unknown-b0.git-unknown]
	at org.spongepowered.asm.mixin.injection.struct.InjectionInfo.readAnnotation(InjectionInfo.java:168) ~[mixin-0.7.3-SNAPSHOT.jar:0.7.3-SNAPSHOT+unknown-b0.git-unknown]
	at org.spongepowered.asm.mixin.injection.struct.InjectionInfo.<init>(InjectionInfo.java:155) ~[mixin-0.7.3-SNAPSHOT.jar:0.7.3-SNAPSHOT+unknown-b0.git-unknown]
	at org.spongepowered.asm.mixin.injection.struct.InjectionInfo.<init>(InjectionInfo.java:147) ~[mixin-0.7.3-SNAPSHOT.jar:0.7.3-SNAPSHOT+unknown-b0.git-unknown]
	at org.spongepowered.asm.mixin.injection.struct.CallbackInjectionInfo.<init>(CallbackInjectionInfo.java:44) ~[mixin-0.7.3-SNAPSHOT.jar:0.7.3-SNAPSHOT+unknown-b0.git-unknown]
	at org.spongepowered.asm.mixin.injection.struct.InjectionInfo.parse(InjectionInfo.java:452) ~[mixin-0.7.3-SNAPSHOT.jar:0.7.3-SNAPSHOT+unknown-b0.git-unknown]
	at org.spongepowered.asm.mixin.transformer.MixinTargetContext.prepareInjections(MixinTargetContext.java:1179) ~[mixin-0.7.3-SNAPSHOT.jar:0.7.3-SNAPSHOT+unknown-b0.git-unknown]
	at org.spongepowered.asm.mixin.transformer.MixinApplicatorStandard.prepareInjections(MixinApplicatorStandard.java:900) ~[mixin-0.7.3-SNAPSHOT.jar:0.7.3-SNAPSHOT+unknown-b0.git-unknown]
	at org.spongepowered.asm.mixin.transformer.MixinApplicatorStandard.applyMixin(MixinApplicatorStandard.java:304) ~[mixin-0.7.3-SNAPSHOT.jar:0.7.3-SNAPSHOT+unknown-b0.git-unknown]
	at org.spongepowered.asm.mixin.transformer.MixinApplicatorStandard.apply(MixinApplicatorStandard.java:267) ~[mixin-0.7.3-SNAPSHOT.jar:0.7.3-SNAPSHOT+unknown-b0.git-unknown]
	at org.spongepowered.asm.mixin.transformer.TargetClassContext.applyMixins(TargetClassContext.java:353) ~[mixin-0.7.3-SNAPSHOT.jar:0.7.3-SNAPSHOT+unknown-b0.git-unknown]
	at org.spongepowered.asm.mixin.transformer.MixinTransformer.apply(MixinTransformer.java:724) [mixin-0.7.3-SNAPSHOT.jar:0.7.3-SNAPSHOT+unknown-b0.git-unknown]
	at org.spongepowered.asm.mixin.transformer.MixinTransformer.applyMixins(MixinTransformer.java:703) [mixin-0.7.3-SNAPSHOT.jar:0.7.3-SNAPSHOT+unknown-b0.git-unknown]
	at org.spongepowered.asm.mixin.transformer.MixinTransformer.transformClassBytes(MixinTransformer.java:509) [mixin-0.7.3-SNAPSHOT.jar:0.7.3-SNAPSHOT+unknown-b0.git-unknown]
	at org.spongepowered.asm.mixin.transformer.Proxy.transform(Proxy.java:72) [mixin-0.7.3-SNAPSHOT.jar:0.7.3-SNAPSHOT+unknown-b0.git-unknown]
	at net.minecraft.launchwrapper.LaunchClassLoader.runTransformers(LaunchClassLoader.java:279) [launchwrapper-1.12.jar:?]
	at net.minecraft.launchwrapper.LaunchClassLoader.findClass(LaunchClassLoader.java:176) [launchwrapper-1.12.jar:?]
	at java.lang.ClassLoader.loadClass(ClassLoader.java:424) [?:1.8.0_31]
	at java.lang.ClassLoader.loadClass(ClassLoader.java:357) [?:1.8.0_31]
	at net.minecraft.client.main.Main.main(Main.java:39) [Main.class:?]
	at sun.reflect.NativeMethodAccessorImpl.invoke0(Native Method) ~[?:1.8.0_31]
	at sun.reflect.NativeMethodAccessorImpl.invoke(NativeMethodAccessorImpl.java:62) ~[?:1.8.0_31]
	at sun.reflect.DelegatingMethodAccessorImpl.invoke(DelegatingMethodAccessorImpl.java:43) ~[?:1.8.0_31]
	at java.lang.reflect.Method.invoke(Method.java:483) ~[?:1.8.0_31]
	at net.minecraft.launchwrapper.Launch.launch(Launch.java:135) [launchwrapper-1.12.jar:?]
	at net.minecraft.launchwrapper.Launch.main(Launch.java:28) [launchwrapper-1.12.jar:?]
	at com.mumfrey.liteloader.debug.Start.main(Start.java:53) [liteloader-1.11.2-SNAPSHOT.jar:1.11.2-SNAPSHOT+jnks-b13.git-09ab166d80d1cd803a1ff7454f3ac2975af0d25b]
[11:59:48] [main/ERROR]: Unable to launch
java.lang.reflect.InvocationTargetException
	at sun.reflect.NativeMethodAccessorImpl.invoke0(Native Method) ~[?:1.8.0_31]
	at sun.reflect.NativeMethodAccessorImpl.invoke(NativeMethodAccessorImpl.java:62) ~[?:1.8.0_31]
	at sun.reflect.DelegatingMethodAccessorImpl.invoke(DelegatingMethodAccessorImpl.java:43) ~[?:1.8.0_31]
	at java.lang.reflect.Method.invoke(Method.java:483) ~[?:1.8.0_31]
	at net.minecraft.launchwrapper.Launch.launch(Launch.java:135) [launchwrapper-1.12.jar:?]
	at net.minecraft.launchwrapper.Launch.main(Launch.java:28) [launchwrapper-1.12.jar:?]
	at com.mumfrey.liteloader.debug.Start.main(Start.java:53) [liteloader-1.11.2-SNAPSHOT.jar:1.11.2-SNAPSHOT+jnks-b13.git-09ab166d80d1cd803a1ff7454f3ac2975af0d25b]
Caused by: java.lang.NoClassDefFoundError: net/minecraft/client/Minecraft
	at net.minecraft.client.main.Main.main(Main.java:39) ~[Main.class:?]
	... 7 more
Caused by: java.lang.ClassNotFoundException: net.minecraft.client.Minecraft
	at net.minecraft.launchwrapper.LaunchClassLoader.findClass(LaunchClassLoader.java:191) ~[launchwrapper-1.12.jar:?]
	at java.lang.ClassLoader.loadClass(ClassLoader.java:424) ~[?:1.8.0_31]
	at java.lang.ClassLoader.loadClass(ClassLoader.java:357) ~[?:1.8.0_31]
	at net.minecraft.client.main.Main.main(Main.java:39) ~[Main.class:?]
	... 7 more
Caused by: org.spongepowered.asm.mixin.transformer.throwables.MixinTransformerError: An unexpected critical error was encountered
	at org.spongepowered.asm.mixin.transformer.MixinTransformer.transformClassBytes(MixinTransformer.java:521) ~[mixin-0.7.3-SNAPSHOT.jar:0.7.3-SNAPSHOT+unknown-b0.git-unknown]
	at org.spongepowered.asm.mixin.transformer.Proxy.transform(Proxy.java:72) ~[mixin-0.7.3-SNAPSHOT.jar:0.7.3-SNAPSHOT+unknown-b0.git-unknown]
	at net.minecraft.launchwrapper.LaunchClassLoader.runTransformers(LaunchClassLoader.java:279) ~[launchwrapper-1.12.jar:?]
	at net.minecraft.launchwrapper.LaunchClassLoader.findClass(LaunchClassLoader.java:176) ~[launchwrapper-1.12.jar:?]
	at java.lang.ClassLoader.loadClass(ClassLoader.java:424) ~[?:1.8.0_31]
	at java.lang.ClassLoader.loadClass(ClassLoader.java:357) ~[?:1.8.0_31]
	at net.minecraft.client.main.Main.main(Main.java:39) ~[Main.class:?]
	... 7 more
Caused by: org.spongepowered.asm.mixin.throwables.MixinApplyError: Mixin [mixins.liteloader.client.json:MixinMinecraft] from phase [DEFAULT] in config [mixins.liteloader.client.json] FAILED during APPLY
	at org.spongepowered.asm.mixin.transformer.MixinTransformer.handleMixinError(MixinTransformer.java:779) ~[mixin-0.7.3-SNAPSHOT.jar:0.7.3-SNAPSHOT+unknown-b0.git-unknown]
	at org.spongepowered.asm.mixin.transformer.MixinTransformer.handleMixinApplyError(MixinTransformer.java:732) ~[mixin-0.7.3-SNAPSHOT.jar:0.7.3-SNAPSHOT+unknown-b0.git-unknown]
	at org.spongepowered.asm.mixin.transformer.MixinTransformer.transformClassBytes(MixinTransformer.java:513) ~[mixin-0.7.3-SNAPSHOT.jar:0.7.3-SNAPSHOT+unknown-b0.git-unknown]
	at org.spongepowered.asm.mixin.transformer.Proxy.transform(Proxy.java:72) ~[mixin-0.7.3-SNAPSHOT.jar:0.7.3-SNAPSHOT+unknown-b0.git-unknown]
	at net.minecraft.launchwrapper.LaunchClassLoader.runTransformers(LaunchClassLoader.java:279) ~[launchwrapper-1.12.jar:?]
	at net.minecraft.launchwrapper.LaunchClassLoader.findClass(LaunchClassLoader.java:176) ~[launchwrapper-1.12.jar:?]
	at java.lang.ClassLoader.loadClass(ClassLoader.java:424) ~[?:1.8.0_31]
	at java.lang.ClassLoader.loadClass(ClassLoader.java:357) ~[?:1.8.0_31]
	at net.minecraft.client.main.Main.main(Main.java:39) ~[Main.class:?]
	... 7 more
Caused by: org.spongepowered.asm.mixin.injection.throwables.InvalidInjectionException: @Inject annotation on handler$init$zze000 specifies a target class 'bes', which is not supported
	at org.spongepowered.asm.mixin.injection.struct.InjectionInfo.parseTargets(InjectionInfo.java:185) ~[mixin-0.7.3-SNAPSHOT.jar:0.7.3-SNAPSHOT+unknown-b0.git-unknown]
	at org.spongepowered.asm.mixin.injection.struct.InjectionInfo.readAnnotation(InjectionInfo.java:168) ~[mixin-0.7.3-SNAPSHOT.jar:0.7.3-SNAPSHOT+unknown-b0.git-unknown]
	at org.spongepowered.asm.mixin.injection.struct.InjectionInfo.<init>(InjectionInfo.java:155) ~[mixin-0.7.3-SNAPSHOT.jar:0.7.3-SNAPSHOT+unknown-b0.git-unknown]
	at org.spongepowered.asm.mixin.injection.struct.InjectionInfo.<init>(InjectionInfo.java:147) ~[mixin-0.7.3-SNAPSHOT.jar:0.7.3-SNAPSHOT+unknown-b0.git-unknown]
	at org.spongepowered.asm.mixin.injection.struct.CallbackInjectionInfo.<init>(CallbackInjectionInfo.java:44) ~[mixin-0.7.3-SNAPSHOT.jar:0.7.3-SNAPSHOT+unknown-b0.git-unknown]
	at org.spongepowered.asm.mixin.injection.struct.InjectionInfo.parse(InjectionInfo.java:452) ~[mixin-0.7.3-SNAPSHOT.jar:0.7.3-SNAPSHOT+unknown-b0.git-unknown]
	at org.spongepowered.asm.mixin.transformer.MixinTargetContext.prepareInjections(MixinTargetContext.java:1179) ~[mixin-0.7.3-SNAPSHOT.jar:0.7.3-SNAPSHOT+unknown-b0.git-unknown]
	at org.spongepowered.asm.mixin.transformer.MixinApplicatorStandard.prepareInjections(MixinApplicatorStandard.java:900) ~[mixin-0.7.3-SNAPSHOT.jar:0.7.3-SNAPSHOT+unknown-b0.git-unknown]
	at org.spongepowered.asm.mixin.transformer.MixinApplicatorStandard.applyMixin(MixinApplicatorStandard.java:304) ~[mixin-0.7.3-SNAPSHOT.jar:0.7.3-SNAPSHOT+unknown-b0.git-unknown]
	at org.spongepowered.asm.mixin.transformer.MixinApplicatorStandard.apply(MixinApplicatorStandard.java:267) ~[mixin-0.7.3-SNAPSHOT.jar:0.7.3-SNAPSHOT+unknown-b0.git-unknown]
	at org.spongepowered.asm.mixin.transformer.TargetClassContext.applyMixins(TargetClassContext.java:353) ~[mixin-0.7.3-SNAPSHOT.jar:0.7.3-SNAPSHOT+unknown-b0.git-unknown]
	at org.spongepowered.asm.mixin.transformer.MixinTransformer.apply(MixinTransformer.java:724) ~[mixin-0.7.3-SNAPSHOT.jar:0.7.3-SNAPSHOT+unknown-b0.git-unknown]
	at org.spongepowered.asm.mixin.transformer.MixinTransformer.applyMixins(MixinTransformer.java:703) ~[mixin-0.7.3-SNAPSHOT.jar:0.7.3-SNAPSHOT+unknown-b0.git-unknown]
	at org.spongepowered.asm.mixin.transformer.MixinTransformer.transformClassBytes(MixinTransformer.java:509) ~[mixin-0.7.3-SNAPSHOT.jar:0.7.3-SNAPSHOT+unknown-b0.git-unknown]
	at org.spongepowered.asm.mixin.transformer.Proxy.transform(Proxy.java:72) ~[mixin-0.7.3-SNAPSHOT.jar:0.7.3-SNAPSHOT+unknown-b0.git-unknown]
	at net.minecraft.launchwrapper.LaunchClassLoader.runTransformers(LaunchClassLoader.java:279) ~[launchwrapper-1.12.jar:?]
	at net.minecraft.launchwrapper.LaunchClassLoader.findClass(LaunchClassLoader.java:176) ~[launchwrapper-1.12.jar:?]
	at java.lang.ClassLoader.loadClass(ClassLoader.java:424) ~[?:1.8.0_31]
	at java.lang.ClassLoader.loadClass(ClassLoader.java:357) ~[?:1.8.0_31]
	at net.minecraft.client.main.Main.main(Main.java:39) ~[Main.class:?]
	... 7 more
